{"name": "test_terms_of_use", "status": "failed", "statusDetails": {"message": "AssertionError: Element doesn't have relevant text", "trace": "driver = <appium.webdriver.webdriver.WebDriver (session=\"4c2e2053-0452-400b-aa7c-b5ed7ef583b7\")>\n\n    def test_terms_of_use(driver):\n        rp = AutorizationPage(driver)\n        rp.autorisation()\n        bp = BurgerPage(driver)\n        bp.open_burger_menu()\n>       bp.see_terms()\n\ntests\\test_.py:55: \n_ _ _ _ _ _ _ _ _ _ _ _ _ _ _ _ _ _ _ _ _ _ _ _ _ _ _ _ _ _ _ _ _ _ _ _ _ _ _ _ _ _ _ _ _ _ _ _ _ _ _ _ _ _ _ _ _ _ _ _ _ _ _ _ _ _ _ _ _ _ _ _ _ _ _ _ _ _ _ _ _ \npages\\burger.py:119: in see_terms\n    self.assert_element_has_text(get_term_text, text=\"Условия\")\n_ _ _ _ _ _ _ _ _ _ _ _ _ _ _ _ _ _ _ _ _ _ _ _ _ _ _ _ _ _ _ _ _ _ _ _ _ _ _ _ _ _ _ _ _ _ _ _ _ _ _ _ _ _ _ _ _ _ _ _ _ _ _ _ _ _ _ _ _ _ _ _ _ _ _ _ _ _ _ _ _ \n\nself = <pages.burger.BurgerPage object at 0x000001E0AE3EAE50>\nelement = ('xpath', '/hierarchy/android.widget.FrameLayout/android.widget.LinearLayout/android.widget.FrameLayout/android.widget...ndroid.view.ViewGroup/android.view.ViewGroup/android.view.ViewGroup[1]/android.view.ViewGroup/android.widget.TextView')\ntext = 'Условия'\n\n    def assert_element_has_text(self, element, text=None):\n        try:\n            WebDriverWait(self.driver, 120).until(EC.presence_of_element_located(element))\n>           assert text in self.driver.find_element(*element).text\nE           AssertionError: Element doesn't have relevant text\n\nbase\\base_class.py:38: AssertionError"}, "steps": [{"name": "autorisation", "status": "passed", "start": 1679582384030, "stop": 1679582389110}, {"name": "open_burger_menu", "status": "passed", "start": 1679582389110, "stop": 1679582396976}, {"name": "see_terms", "status": "failed", "statusDetails": {"message": "AssertionError: Element doesn't have relevant text\n", "trace": "  File \"C:\\Users\\ilnazhim\\Appium\\SosediService\\pages\\burger.py\", line 119, in see_terms\n    self.assert_element_has_text(get_term_text, text=\"Условия\")\n  File \"C:\\Users\\ilnazhim\\Appium\\SosediService\\base\\base_class.py\", line 38, in assert_element_has_text\n    assert text in self.driver.find_element(*element).text\n"}, "start": 1679582396976, "stop": 1679582399749}], "attachments": [{"name": "stdout", "source": "1ab99154-5c69-4705-8c10-8c1c9510c6d1-attachment.txt", "type": "text/plain"}], "start": 1679582384030, "stop": 1679582399751, "uuid": "0255a3c2-9e52-4676-b3fd-c648f1fc54d8", "historyId": "c5e4442fc78de122d3ef37c7b745df1c", "testCaseId": "9ae22b436c2ed1903a11324f18812972", "fullName": "tests.test_#test_terms_of_use", "labels": [{"name": "parentSuite", "value": "tests"}, {"name": "suite", "value": "test_"}, {"name": "host", "value": "HOME-PC"}, {"name": "thread", "value": "16912-MainThread"}, {"name": "framework", "value": "pytest"}, {"name": "language", "value": "cpython3"}, {"name": "package", "value": "tests.test_"}]}