{"name": "test_send_the_form_do_app_better_from_services", "status": "broken", "statusDetails": {"message": "selenium.common.exceptions.TimeoutException: Message: \nStacktrace:\nNoSuchElementError: An element could not be located on the page using the given search parameters.\n    at AndroidUiautomator2Driver.findElOrEls (C:\\Users\\ilnazhim\\AppData\\Local\\Programs\\Appium Server GUI\\resources\\app\\node_modules\\appium\\node_modules\\appium-android-driver\\lib\\commands\\find.js:75:11)\n    at runMicrotasks (<anonymous>)\n    at processTicksAndRejections (internal/process/task_queues.js:97:5)\n    at AndroidUiautomator2Driver.findElOrElsWithProcessing (C:\\Users\\ilnazhim\\AppData\\Local\\Programs\\Appium Server GUI\\resources\\app\\node_modules\\appium\\node_modules\\appium-base-driver\\lib\\basedriver\\commands\\find.js:33:12)\n    at AndroidUiautomator2Driver.findElement (C:\\Users\\ilnazhim\\AppData\\Local\\Programs\\Appium Server GUI\\resources\\app\\node_modules\\appium\\node_modules\\appium-base-driver\\lib\\basedriver\\commands\\find.js:53:10)", "trace": "driver = <appium.webdriver.webdriver.WebDriver (session=\"b945264b-7fe6-4cb8-b2fa-8e7a0a00fade\")>\n\n    def test_send_the_form_do_app_better_from_services(driver):\n        print(\"\\nDo app better form services\")\n        rp = AuthorizationPage(driver)\n        rp.authorization()\n    \n        mp = MainPage(driver)\n        mp.add_new_service()\n    \n        bp = BaseClass(driver)\n        bp.do_scroll()\n        bp.do_scroll()\n        bp.do_scroll()\n    \n        sp = ServicesPage(driver)\n        sp.click_feedback_button()\n    \n        fp = FormsPage(driver)\n>       fp.fill_the_form_do_app_better()\n\ntests\\test_forms.py:57: \n_ _ _ _ _ _ _ _ _ _ _ _ _ _ _ _ _ _ _ _ _ _ _ _ _ _ _ _ _ _ _ _ _ _ _ _ _ _ _ _ _ _ _ _ _ _ _ _ _ _ _ _ _ _ _ _ _ _ _ _ _ _ _ _ _ _ _ _ _ _ _ _ _ _ _ _ _ _ _ _ _ \npages\\forms_page.py:123: in fill_the_form_do_app_better\n    self.input_input_form_name(\"Автотест Помогите нам улучшить приложение \")\npages\\forms_page.py:71: in input_input_form_name\n    self.get_input_form_name().send_keys(form_name + str(name))\npages\\forms_page.py:36: in get_input_form_name\n    return WebDriverWait(self.driver, 30).until(EC.element_to_be_clickable((AppiumBy.XPATH, self.input_form_name)))\n_ _ _ _ _ _ _ _ _ _ _ _ _ _ _ _ _ _ _ _ _ _ _ _ _ _ _ _ _ _ _ _ _ _ _ _ _ _ _ _ _ _ _ _ _ _ _ _ _ _ _ _ _ _ _ _ _ _ _ _ _ _ _ _ _ _ _ _ _ _ _ _ _ _ _ _ _ _ _ _ _ \n\nself = <selenium.webdriver.support.wait.WebDriverWait (session=\"b945264b-7fe6-4cb8-b2fa-8e7a0a00fade\")>\nmethod = <function element_to_be_clickable.<locals>._predicate at 0x00000241C97D6280>, message = ''\n\n    def until(self, method, message: str = \"\"):\n        \"\"\"Calls the method provided with the driver as an argument until the \\\n        return value does not evaluate to ``False``.\n    \n        :param method: callable(WebDriver)\n        :param message: optional message for :exc:`TimeoutException`\n        :returns: the result of the last call to `method`\n        :raises: :exc:`selenium.common.exceptions.TimeoutException` if timeout occurs\n        \"\"\"\n        screen = None\n        stacktrace = None\n    \n        end_time = time.monotonic() + self._timeout\n        while True:\n            try:\n                value = method(self._driver)\n                if value:\n                    return value\n            except self._ignored_exceptions as exc:\n                screen = getattr(exc, \"screen\", None)\n                stacktrace = getattr(exc, \"stacktrace\", None)\n            time.sleep(self._poll)\n            if time.monotonic() > end_time:\n                break\n>       raise TimeoutException(message, screen, stacktrace)\nE       selenium.common.exceptions.TimeoutException: Message: \nE       Stacktrace:\nE       NoSuchElementError: An element could not be located on the page using the given search parameters.\nE           at AndroidUiautomator2Driver.findElOrEls (C:\\Users\\ilnazhim\\AppData\\Local\\Programs\\Appium Server GUI\\resources\\app\\node_modules\\appium\\node_modules\\appium-android-driver\\lib\\commands\\find.js:75:11)\nE           at runMicrotasks (<anonymous>)\nE           at processTicksAndRejections (internal/process/task_queues.js:97:5)\nE           at AndroidUiautomator2Driver.findElOrElsWithProcessing (C:\\Users\\ilnazhim\\AppData\\Local\\Programs\\Appium Server GUI\\resources\\app\\node_modules\\appium\\node_modules\\appium-base-driver\\lib\\basedriver\\commands\\find.js:33:12)\nE           at AndroidUiautomator2Driver.findElement (C:\\Users\\ilnazhim\\AppData\\Local\\Programs\\Appium Server GUI\\resources\\app\\node_modules\\appium\\node_modules\\appium-base-driver\\lib\\basedriver\\commands\\find.js:53:10)\n\nvenv\\lib\\site-packages\\selenium\\webdriver\\support\\wait.py:95: TimeoutException"}, "steps": [{"name": "authorization", "status": "passed", "start": 1680517617795, "stop": 1680517623412}, {"name": "fill_the_form_do_app_better", "status": "broken", "statusDetails": {"message": "selenium.common.exceptions.TimeoutException: Message: \nStacktrace:\nNoSuchElementError: An element could not be located on the page using the given search parameters.\n    at AndroidUiautomator2Driver.findElOrEls (C:\\Users\\ilnazhim\\AppData\\Local\\Programs\\Appium Server GUI\\resources\\app\\node_modules\\appium\\node_modules\\appium-android-driver\\lib\\commands\\find.js:75:11)\n    at runMicrotasks (<anonymous>)\n    at processTicksAndRejections (internal/process/task_queues.js:97:5)\n    at AndroidUiautomator2Driver.findElOrElsWithProcessing (C:\\Users\\ilnazhim\\AppData\\Local\\Programs\\Appium Server GUI\\resources\\app\\node_modules\\appium\\node_modules\\appium-base-driver\\lib\\basedriver\\commands\\find.js:33:12)\n    at AndroidUiautomator2Driver.findElement (C:\\Users\\ilnazhim\\AppData\\Local\\Programs\\Appium Server GUI\\resources\\app\\node_modules\\appium\\node_modules\\appium-base-driver\\lib\\basedriver\\commands\\find.js:53:10)\n", "trace": "  File \"C:\\Users\\ilnazhim\\Appium\\SosediService\\pages\\forms_page.py\", line 123, in fill_the_form_do_app_better\n    self.input_input_form_name(\"Автотест Помогите нам улучшить приложение \")\n  File \"C:\\Users\\ilnazhim\\Appium\\SosediService\\pages\\forms_page.py\", line 71, in input_input_form_name\n    self.get_input_form_name().send_keys(form_name + str(name))\n  File \"C:\\Users\\ilnazhim\\Appium\\SosediService\\pages\\forms_page.py\", line 36, in get_input_form_name\n    return WebDriverWait(self.driver, 30).until(EC.element_to_be_clickable((AppiumBy.XPATH, self.input_form_name)))\n  File \"C:\\Users\\ilnazhim\\Appium\\SosediService\\venv\\lib\\site-packages\\selenium\\webdriver\\support\\wait.py\", line 95, in until\n    raise TimeoutException(message, screen, stacktrace)\n"}, "start": 1680517637394, "stop": 1680517667763}], "attachments": [{"name": "stdout", "source": "59315fdb-e377-4460-9da9-efdc5f76dc6e-attachment.txt", "type": "text/plain"}], "start": 1680517617794, "stop": 1680517667766, "uuid": "19989be6-eb5b-4ae8-9d82-97e5459ce752", "historyId": "14a60ac0ca7427c4f44cbad64c161648", "testCaseId": "cbf599d7ce79e639142ef71ca144d2bb", "fullName": "tests.test_forms#test_send_the_form_do_app_better_from_services", "labels": [{"name": "parentSuite", "value": "tests"}, {"name": "suite", "value": "test_forms"}, {"name": "host", "value": "HOME-PC"}, {"name": "thread", "value": "10756-MainThread"}, {"name": "framework", "value": "pytest"}, {"name": "language", "value": "cpython3"}, {"name": "package", "value": "tests.test_forms"}]}